[06-Mar-2024 17:27:32] NOTICE: fpm is running, pid 38091
[06-Mar-2024 17:27:32] NOTICE: ready to handle connections
[06-Mar-2024 17:28:11] NOTICE: Terminating ...
[06-Mar-2024 17:28:11] NOTICE: Terminating ...
[06-Mar-2024 17:28:11] NOTICE: exiting, bye-bye!
[06-Mar-2024 17:28:12] NOTICE: fpm is running, pid 38704
[06-Mar-2024 17:28:12] NOTICE: ready to handle connections
[06-Mar-2024 17:28:25] NOTICE: Terminating ...
[06-Mar-2024 17:28:25] NOTICE: Terminating ...
[06-Mar-2024 17:28:25] NOTICE: exiting, bye-bye!
[06-Mar-2024 17:28:26] NOTICE: fpm is running, pid 39044
[06-Mar-2024 17:28:26] NOTICE: ready to handle connections
[06-Mar-2024 19:07:14] NOTICE: Terminating ...
[06-Mar-2024 19:07:14] NOTICE: Terminating ...
[06-Mar-2024 19:07:14] NOTICE: exiting, bye-bye!
[06-Mar-2024 19:07:16] NOTICE: fpm is running, pid 8831
[06-Mar-2024 19:07:16] NOTICE: ready to handle connections
[07-Mar-2024 17:08:46] NOTICE: Terminating ...
[07-Mar-2024 17:08:46] NOTICE: Terminating ...
[07-Mar-2024 17:08:46] NOTICE: exiting, bye-bye!
[07-Mar-2024 17:08:49] NOTICE: fpm is running, pid 25940
[07-Mar-2024 17:08:49] NOTICE: ready to handle connections
[08-Mar-2024 09:57:48] NOTICE: fpm is running, pid 62371
[08-Mar-2024 09:57:48] NOTICE: ready to handle connections
[14-Mar-2024 21:02:23] NOTICE: fpm is running, pid 46433
[14-Mar-2024 21:02:23] NOTICE: ready to handle connections
[19-Mar-2024 13:48:29] NOTICE: Terminating ...
[19-Mar-2024 13:48:29] NOTICE: Terminating ...
[19-Mar-2024 13:48:29] NOTICE: exiting, bye-bye!
[19-Mar-2024 13:48:31] NOTICE: fpm is running, pid 34520
[19-Mar-2024 13:48:31] NOTICE: ready to handle connections
[21-Mar-2024 12:00:47] NOTICE: fpm is running, pid 56426
[21-Mar-2024 12:00:47] NOTICE: ready to handle connections
[24-Apr-2024 10:20:01] NOTICE: fpm is running, pid 3032
[24-Apr-2024 10:20:01] NOTICE: ready to handle connections
[04-May-2024 17:08:00] NOTICE: fpm is running, pid 37811
[04-May-2024 17:08:00] NOTICE: ready to handle connections
[28-May-2024 22:17:59] NOTICE: fpm is running, pid 1758
[28-May-2024 22:17:59] NOTICE: ready to handle connections
