AH00558: httpd: Could not reliably determine the server's fully qualified domain name, using Doleinik.local. Set the 'ServerName' directive globally to suppress this message
[Wed Mar 06 17:28:12.665539 2024] [mpm_event:notice] [pid 38706:tid 4616201728] AH00489: Apache/2.4.43 (Unix) configured -- resuming normal operations
[Wed Mar 06 17:28:12.666028 2024] [core:notice] [pid 38706:tid 4616201728] AH00094: Command line: '/Users/doleinik/Library/Application Support/Local/lightning-services/apache-2.4.43+8/bin/darwin/bin/httpd -D FOREGROUND -f /Users/doleinik/Library/Application Support/Local/run/DbxqUuOu-/conf/apache/apache2.conf'
[Wed Mar 06 17:28:25.592176 2024] [mpm_event:notice] [pid 38706:tid 4616201728] AH00491: caught SIGTERM, shutting down
AH00558: httpd: Could not reliably determine the server's fully qualified domain name, using Doleinik.local. Set the 'ServerName' directive globally to suppress this message
[Wed Mar 06 17:28:26.681678 2024] [mpm_event:notice] [pid 39046:tid 4423439872] AH00489: Apache/2.4.43 (Unix) configured -- resuming normal operations
[Wed Mar 06 17:28:26.682235 2024] [core:notice] [pid 39046:tid 4423439872] AH00094: Command line: '/Users/doleinik/Library/Application Support/Local/lightning-services/apache-2.4.43+8/bin/darwin/bin/httpd -D FOREGROUND -f /Users/doleinik/Library/Application Support/Local/run/DbxqUuOu-/conf/apache/apache2.conf'
[Wed Mar 06 19:07:14.672063 2024] [mpm_event:notice] [pid 39046:tid 4423439872] AH00491: caught SIGTERM, shutting down
AH00558: httpd: Could not reliably determine the server's fully qualified domain name, using Doleinik.local. Set the 'ServerName' directive globally to suppress this message
[Wed Mar 06 19:07:16.085673 2024] [mpm_event:notice] [pid 8833:tid 4514379264] AH00489: Apache/2.4.43 (Unix) configured -- resuming normal operations
[Wed Mar 06 19:07:16.086163 2024] [core:notice] [pid 8833:tid 4514379264] AH00094: Command line: '/Users/doleinik/Library/Application Support/Local/lightning-services/apache-2.4.43+8/bin/darwin/bin/httpd -D FOREGROUND -f /Users/doleinik/Library/Application Support/Local/run/DbxqUuOu-/conf/apache/apache2.conf'
[Thu Mar 07 17:08:46.639730 2024] [mpm_event:notice] [pid 8833:tid 4514379264] AH00491: caught SIGTERM, shutting down
AH00558: httpd: Could not reliably determine the server's fully qualified domain name, using Doleinik.local. Set the 'ServerName' directive globally to suppress this message
[Thu Mar 07 17:08:50.716334 2024] [mpm_event:notice] [pid 25942:tid 4561421824] AH00489: Apache/2.4.43 (Unix) configured -- resuming normal operations
[Thu Mar 07 17:08:50.717528 2024] [core:notice] [pid 25942:tid 4561421824] AH00094: Command line: '/Users/doleinik/Library/Application Support/Local/lightning-services/apache-2.4.43+8/bin/darwin/bin/httpd -D FOREGROUND -f /Users/doleinik/Library/Application Support/Local/run/DbxqUuOu-/conf/apache/apache2.conf'
AH00558: httpd: Could not reliably determine the server's fully qualified domain name, using Doleinik.local. Set the 'ServerName' directive globally to suppress this message
[Fri Mar 08 09:57:48.771529 2024] [core:warn] [pid 62373:tid 4345603584] AH00098: pid file /Users/doleinik/Library/Application Support/Local/run/DbxqUuOu-/apache/logs/httpd.pid overwritten -- Unclean shutdown of previous Apache run?
[Fri Mar 08 09:57:48.777340 2024] [mpm_event:notice] [pid 62373:tid 4345603584] AH00489: Apache/2.4.43 (Unix) configured -- resuming normal operations
[Fri Mar 08 09:57:48.777420 2024] [core:notice] [pid 62373:tid 4345603584] AH00094: Command line: '/Users/doleinik/Library/Application Support/Local/lightning-services/apache-2.4.43+8/bin/darwin/bin/httpd -D FOREGROUND -f /Users/doleinik/Library/Application Support/Local/run/DbxqUuOu-/conf/apache/apache2.conf'
AH00558: httpd: Could not reliably determine the server's fully qualified domain name, using Doleinik.local. Set the 'ServerName' directive globally to suppress this message
[Thu Mar 14 21:02:21.755031 2024] [core:warn] [pid 46440:tid 4551017984] AH00098: pid file /Users/doleinik/Library/Application Support/Local/run/DbxqUuOu-/apache/logs/httpd.pid overwritten -- Unclean shutdown of previous Apache run?
[Thu Mar 14 21:02:21.757130 2024] [mpm_event:notice] [pid 46440:tid 4551017984] AH00489: Apache/2.4.43 (Unix) configured -- resuming normal operations
[Thu Mar 14 21:02:21.757204 2024] [core:notice] [pid 46440:tid 4551017984] AH00094: Command line: '/Users/doleinik/Library/Application Support/Local/lightning-services/apache-2.4.43+8/bin/darwin/bin/httpd -D FOREGROUND -f /Users/doleinik/Library/Application Support/Local/run/DbxqUuOu-/conf/apache/apache2.conf'
[Tue Mar 19 13:48:29.402521 2024] [mpm_event:notice] [pid 46440:tid 4551017984] AH00491: caught SIGTERM, shutting down
AH00557: httpd: apr_sockaddr_info_get() failed for Doleinik
AH00558: httpd: Could not reliably determine the server's fully qualified domain name, using 127.0.0.1. Set the 'ServerName' directive globally to suppress this message
[Tue Mar 19 13:48:31.520039 2024] [mpm_event:notice] [pid 34522:tid 4586894848] AH00489: Apache/2.4.43 (Unix) configured -- resuming normal operations
[Tue Mar 19 13:48:31.520895 2024] [core:notice] [pid 34522:tid 4586894848] AH00094: Command line: '/Users/doleinik/Library/Application Support/Local/lightning-services/apache-2.4.43+8/bin/darwin/bin/httpd -D FOREGROUND -f /Users/doleinik/Library/Application Support/Local/run/DbxqUuOu-/conf/apache/apache2.conf'
AH00558: httpd: Could not reliably determine the server's fully qualified domain name, using Doleinik.local. Set the 'ServerName' directive globally to suppress this message
[Thu Mar 21 12:00:45.779972 2024] [core:warn] [pid 56428:tid 4576007680] AH00098: pid file /Users/doleinik/Library/Application Support/Local/run/DbxqUuOu-/apache/logs/httpd.pid overwritten -- Unclean shutdown of previous Apache run?
[Thu Mar 21 12:00:45.785810 2024] [mpm_event:notice] [pid 56428:tid 4576007680] AH00489: Apache/2.4.43 (Unix) configured -- resuming normal operations
[Thu Mar 21 12:00:45.785864 2024] [core:notice] [pid 56428:tid 4576007680] AH00094: Command line: '/Users/doleinik/Library/Application Support/Local/lightning-services/apache-2.4.43+8/bin/darwin/bin/httpd -D FOREGROUND -f /Users/doleinik/Library/Application Support/Local/run/DbxqUuOu-/conf/apache/apache2.conf'
AH00558: httpd: Could not reliably determine the server's fully qualified domain name, using Doleinik.local. Set the 'ServerName' directive globally to suppress this message
[Wed Apr 24 10:20:01.744742 2024] [core:warn] [pid 3034:tid 4609402368] AH00098: pid file /Users/doleinik/Library/Application Support/Local/run/DbxqUuOu-/apache/logs/httpd.pid overwritten -- Unclean shutdown of previous Apache run?
[Wed Apr 24 10:20:01.750364 2024] [mpm_event:notice] [pid 3034:tid 4609402368] AH00489: Apache/2.4.43 (Unix) configured -- resuming normal operations
[Wed Apr 24 10:20:01.750425 2024] [core:notice] [pid 3034:tid 4609402368] AH00094: Command line: '/Users/doleinik/Library/Application Support/Local/lightning-services/apache-2.4.43+8/bin/darwin/bin/httpd -D FOREGROUND -f /Users/doleinik/Library/Application Support/Local/run/DbxqUuOu-/conf/apache/apache2.conf'
AH00558: httpd: Could not reliably determine the server's fully qualified domain name, using Doleinik.local. Set the 'ServerName' directive globally to suppress this message
[Sat May 04 17:08:00.979162 2024] [core:warn] [pid 37813:tid 4563412480] AH00098: pid file /Users/doleinik/Library/Application Support/Local/run/DbxqUuOu-/apache/logs/httpd.pid overwritten -- Unclean shutdown of previous Apache run?
[Sat May 04 17:08:00.984530 2024] [mpm_event:notice] [pid 37813:tid 4563412480] AH00489: Apache/2.4.43 (Unix) configured -- resuming normal operations
[Sat May 04 17:08:00.984589 2024] [core:notice] [pid 37813:tid 4563412480] AH00094: Command line: '/Users/doleinik/Library/Application Support/Local/lightning-services/apache-2.4.43+8/bin/darwin/bin/httpd -D FOREGROUND -f /Users/doleinik/Library/Application Support/Local/run/DbxqUuOu-/conf/apache/apache2.conf'
AH00558: httpd: Could not reliably determine the server's fully qualified domain name, using Doleinik.local. Set the 'ServerName' directive globally to suppress this message
[Tue May 28 22:18:00.764774 2024] [core:warn] [pid 1761:tid 4373714432] AH00098: pid file /Users/doleinik/Library/Application Support/Local/run/DbxqUuOu-/apache/logs/httpd.pid overwritten -- Unclean shutdown of previous Apache run?
[Tue May 28 22:18:00.767011 2024] [mpm_event:notice] [pid 1761:tid 4373714432] AH00489: Apache/2.4.43 (Unix) configured -- resuming normal operations
[Tue May 28 22:18:00.767059 2024] [core:notice] [pid 1761:tid 4373714432] AH00094: Command line: '/Users/doleinik/Library/Application Support/Local/lightning-services/apache-2.4.43+8/bin/darwin/bin/httpd -D FOREGROUND -f /Users/doleinik/Library/Application Support/Local/run/DbxqUuOu-/conf/apache/apache2.conf'
